In file included from ../../../base/hiviewdfx/hilog_lite/interfaces/native/kits/hilog_lite/log.h:19:0,
                 from ../../../foundation/communication/dsoftbus/adapter/common/include/softbus_adapter_log.h:25,
                 from ../../../foundation/communication/dsoftbus/adapter/common/kernel/liteos_a/softbus_adapter_thread.c:26:
../../../foundation/communication/dsoftbus/adapter/common/kernel/liteos_a/softbus_adapter_thread.c: In function 'SoftBusMutexInit':
../../../foundation/communication/dsoftbus/adapter/common/kernel/liteos_a/softbus_adapter_thread.c:85:39: warning: unknown conversion type character '{' in format [-Wformat=]
         HILOG_ERROR(SOFTBUS_HILOG_ID, "SoftBusMutexInit failed, ret[%{public}d]", ret);
                                       ^
../../../base/hiviewdfx/hilog_lite/interfaces/native/kits/hilog_lite/hiview_log.h:374:95: note: in definition of macro 'HILOG_ERROR'
 #define HILOG_ERROR(mod, fmt, ...) HiLogPrintf(mod, HILOG_LV_ERROR, FUN_ARG_NUM(__VA_ARGS__), fmt, ##__VA_ARGS__)
                                                                                               ^~~
../../../foundation/communication/dsoftbus/adapter/common/kernel/liteos_a/softbus_adapter_thread.c:85:39: warning: too many arguments for format [-Wformat-extra-args]
         HILOG_ERROR(SOFTBUS_HILOG_ID, "SoftBusMutexInit failed, ret[%{public}d]", ret);
                                       ^
../../../base/hiviewdfx/hilog_lite/interfaces/native/kits/hilog_lite/hiview_log.h:374:95: note: in definition of macro 'HILOG_ERROR'
 #define HILOG_ERROR(mod, fmt, ...) HiLogPrintf(mod, HILOG_LV_ERROR, FUN_ARG_NUM(__VA_ARGS__), fmt, ##__VA_ARGS__)
                                                                                               ^~~
../../../foundation/communication/dsoftbus/adapter/common/kernel/liteos_a/softbus_adapter_thread.c: In function 'SoftBusMutexLock':
../../../foundation/communication/dsoftbus/adapter/common/kernel/liteos_a/softbus_adapter_thread.c:107:39: warning: unknown conversion type character '{' in format [-Wformat=]
         HILOG_ERROR(SOFTBUS_HILOG_ID, "SoftBusMutexLock failed, ret[%{public}d]", ret);
                                       ^
../../../base/hiviewdfx/hilog_lite/interfaces/native/kits/hilog_lite/hiview_log.h:374:95: note: in definition of macro 'HILOG_ERROR'
 #define HILOG_ERROR(mod, fmt, ...) HiLogPrintf(mod, HILOG_LV_ERROR, FUN_ARG_NUM(__VA_ARGS__), fmt, ##__VA_ARGS__)
                                                                                               ^~~
../../../foundation/communication/dsoftbus/adapter/common/kernel/liteos_a/softbus_adapter_thread.c:107:39: warning: too many arguments for format [-Wformat-extra-args]
         HILOG_ERROR(SOFTBUS_HILOG_ID, "SoftBusMutexLock failed, ret[%{public}d]", ret);
                                       ^
../../../base/hiviewdfx/hilog_lite/interfaces/native/kits/hilog_lite/hiview_log.h:374:95: note: in definition of macro 'HILOG_ERROR'
 #define HILOG_ERROR(mod, fmt, ...) HiLogPrintf(mod, HILOG_LV_ERROR, FUN_ARG_NUM(__VA_ARGS__), fmt, ##__VA_ARGS__)
                                                                                               ^~~
../../../foundation/communication/dsoftbus/adapter/common/kernel/liteos_a/softbus_adapter_thread.c: In function 'SoftBusMutexUnlock':
../../../foundation/communication/dsoftbus/adapter/common/kernel/liteos_a/softbus_adapter_thread.c:123:39: warning: unknown conversion type character '{' in format [-Wformat=]
         HILOG_ERROR(SOFTBUS_HILOG_ID, "SoftBusMutexUnlock failed, ret[%{public}d]", ret);
                                       ^
../../../base/hiviewdfx/hilog_lite/interfaces/native/kits/hilog_lite/hiview_log.h:374:95: note: in definition of macro 'HILOG_ERROR'
 #define HILOG_ERROR(mod, fmt, ...) HiLogPrintf(mod, HILOG_LV_ERROR, FUN_ARG_NUM(__VA_ARGS__), fmt, ##__VA_ARGS__)
                                                                                               ^~~
../../../foundation/communication/dsoftbus/adapter/common/kernel/liteos_a/softbus_adapter_thread.c:123:39: warning: too many arguments for format [-Wformat-extra-args]
         HILOG_ERROR(SOFTBUS_HILOG_ID, "SoftBusMutexUnlock failed, ret[%{public}d]", ret);
                                       ^
../../../base/hiviewdfx/hilog_lite/interfaces/native/kits/hilog_lite/hiview_log.h:374:95: note: in definition of macro 'HILOG_ERROR'
 #define HILOG_ERROR(mod, fmt, ...) HiLogPrintf(mod, HILOG_LV_ERROR, FUN_ARG_NUM(__VA_ARGS__), fmt, ##__VA_ARGS__)
                                                                                               ^~~
../../../foundation/communication/dsoftbus/adapter/common/kernel/liteos_a/softbus_adapter_thread.c: In function 'SoftBusMutexDestroy':
../../../foundation/communication/dsoftbus/adapter/common/kernel/liteos_a/softbus_adapter_thread.c:140:39: warning: unknown conversion type character '{' in format [-Wformat=]
         HILOG_ERROR(SOFTBUS_HILOG_ID, "SoftBusMutexDestroy failed, ret[%{public}d]", ret);
                                       ^
../../../base/hiviewdfx/hilog_lite/interfaces/native/kits/hilog_lite/hiview_log.h:374:95: note: in definition of macro 'HILOG_ERROR'
 #define HILOG_ERROR(mod, fmt, ...) HiLogPrintf(mod, HILOG_LV_ERROR, FUN_ARG_NUM(__VA_ARGS__), fmt, ##__VA_ARGS__)
                                                                                               ^~~
../../../foundation/communication/dsoftbus/adapter/common/kernel/liteos_a/softbus_adapter_thread.c:140:39: warning: too many arguments for format [-Wformat-extra-args]
         HILOG_ERROR(SOFTBUS_HILOG_ID, "SoftBusMutexDestroy failed, ret[%{public}d]", ret);
                                       ^
../../../base/hiviewdfx/hilog_lite/interfaces/native/kits/hilog_lite/hiview_log.h:374:95: note: in definition of macro 'HILOG_ERROR'
 #define HILOG_ERROR(mod, fmt, ...) HiLogPrintf(mod, HILOG_LV_ERROR, FUN_ARG_NUM(__VA_ARGS__), fmt, ##__VA_ARGS__)
                                                                                               ^~~
../../../foundation/communication/dsoftbus/adapter/common/kernel/liteos_a/softbus_adapter_thread.c: In function 'SoftbusSetThreadPeriority':
../../../foundation/communication/dsoftbus/adapter/common/kernel/liteos_a/softbus_adapter_thread.c:218:43: warning: invalid application of 'sizeof' to a function type [-Wpointer-arith]
     (void)memset_s(&periorityParam, sizeof(pthread_attr_setschedparam), 0, sizeof(pthread_attr_setschedparam));
                                           ^
../../../foundation/communication/dsoftbus/adapter/common/kernel/liteos_a/softbus_adapter_thread.c:218:82: warning: invalid application of 'sizeof' to a function type [-Wpointer-arith]
     (void)memset_s(&periorityParam, sizeof(pthread_attr_setschedparam), 0, sizeof(pthread_attr_setschedparam));
                                                                                  ^
In file included from ../../../base/hiviewdfx/hilog_lite/interfaces/native/kits/hilog_lite/log.h:19:0,
                 from ../../../foundation/communication/dsoftbus/adapter/common/include/softbus_adapter_log.h:25,
                 from ../../../foundation/communication/dsoftbus/adapter/common/kernel/liteos_a/softbus_adapter_thread.c:26:
../../../foundation/communication/dsoftbus/adapter/common/kernel/liteos_a/softbus_adapter_thread.c: In function 'SoftBusConfTransPthreadAttr':
../../../foundation/communication/dsoftbus/adapter/common/kernel/liteos_a/softbus_adapter_thread.c:256:39: warning: unknown conversion type character '{' in format [-Wformat=]
         HILOG_ERROR(SOFTBUS_HILOG_ID, "SoftbusSetThreadPolicy failed, ret[%{public}d]", ret);
                                       ^
../../../base/hiviewdfx/hilog_lite/interfaces/native/kits/hilog_lite/hiview_log.h:374:95: note: in definition of macro 'HILOG_ERROR'
 #define HILOG_ERROR(mod, fmt, ...) HiLogPrintf(mod, HILOG_LV_ERROR, FUN_ARG_NUM(__VA_ARGS__), fmt, ##__VA_ARGS__)
                                                                                               ^~~
../../../foundation/communication/dsoftbus/adapter/common/kernel/liteos_a/softbus_adapter_thread.c:256:39: warning: too many arguments for format [-Wformat-extra-args]
         HILOG_ERROR(SOFTBUS_HILOG_ID, "SoftbusSetThreadPolicy failed, ret[%{public}d]", ret);
                                       ^
../../../base/hiviewdfx/hilog_lite/interfaces/native/kits/hilog_lite/hiview_log.h:374:95: note: in definition of macro 'HILOG_ERROR'
 #define HILOG_ERROR(mod, fmt, ...) HiLogPrintf(mod, HILOG_LV_ERROR, FUN_ARG_NUM(__VA_ARGS__), fmt, ##__VA_ARGS__)
                                                                                               ^~~
../../../foundation/communication/dsoftbus/adapter/common/kernel/liteos_a/softbus_adapter_thread.c:262:39: warning: unknown conversion type character '{' in format [-Wformat=]
         HILOG_ERROR(SOFTBUS_HILOG_ID, "SoftbusSetThreadDetachState failed, ret[%{public}d]", ret);
                                       ^
../../../base/hiviewdfx/hilog_lite/interfaces/native/kits/hilog_lite/hiview_log.h:374:95: note: in definition of macro 'HILOG_ERROR'
 #define HILOG_ERROR(mod, fmt, ...) HiLogPrintf(mod, HILOG_LV_ERROR, FUN_ARG_NUM(__VA_ARGS__), fmt, ##__VA_ARGS__)
                                                                                               ^~~
../../../foundation/communication/dsoftbus/adapter/common/kernel/liteos_a/softbus_adapter_thread.c:262:39: warning: too many arguments for format [-Wformat-extra-args]
         HILOG_ERROR(SOFTBUS_HILOG_ID, "SoftbusSetThreadDetachState failed, ret[%{public}d]", ret);
                                       ^
../../../base/hiviewdfx/hilog_lite/interfaces/native/kits/hilog_lite/hiview_log.h:374:95: note: in definition of macro 'HILOG_ERROR'
 #define HILOG_ERROR(mod, fmt, ...) HiLogPrintf(mod, HILOG_LV_ERROR, FUN_ARG_NUM(__VA_ARGS__), fmt, ##__VA_ARGS__)
                                                                                               ^~~
../../../foundation/communication/dsoftbus/adapter/common/kernel/liteos_a/softbus_adapter_thread.c:268:39: warning: unknown conversion type character '{' in format [-Wformat=]
         HILOG_ERROR(SOFTBUS_HILOG_ID, "SoftbusSetThreadPeriority failed, ret[%{public}d]", ret);
                                       ^
../../../base/hiviewdfx/hilog_lite/interfaces/native/kits/hilog_lite/hiview_log.h:374:95: note: in definition of macro 'HILOG_ERROR'
 #define HILOG_ERROR(mod, fmt, ...) HiLogPrintf(mod, HILOG_LV_ERROR, FUN_ARG_NUM(__VA_ARGS__), fmt, ##__VA_ARGS__)
                                                                                               ^~~
../../../foundation/communication/dsoftbus/adapter/common/kernel/liteos_a/softbus_adapter_thread.c:268:39: warning: too many arguments for format [-Wformat-extra-args]
         HILOG_ERROR(SOFTBUS_HILOG_ID, "SoftbusSetThreadPeriority failed, ret[%{public}d]", ret);
                                       ^
../../../base/hiviewdfx/hilog_lite/interfaces/native/kits/hilog_lite/hiview_log.h:374:95: note: in definition of macro 'HILOG_ERROR'
 #define HILOG_ERROR(mod, fmt, ...) HiLogPrintf(mod, HILOG_LV_ERROR, FUN_ARG_NUM(__VA_ARGS__), fmt, ##__VA_ARGS__)
                                                                                               ^~~
../../../foundation/communication/dsoftbus/adapter/common/kernel/liteos_a/softbus_adapter_thread.c:276:43: warning: unknown conversion type character '{' in format [-Wformat=]
             HILOG_ERROR(SOFTBUS_HILOG_ID, "pthread_attr_setstacksize failed, ret[%{public}d]", ret);
                                           ^
../../../base/hiviewdfx/hilog_lite/interfaces/native/kits/hilog_lite/hiview_log.h:374:95: note: in definition of macro 'HILOG_ERROR'
 #define HILOG_ERROR(mod, fmt, ...) HiLogPrintf(mod, HILOG_LV_ERROR, FUN_ARG_NUM(__VA_ARGS__), fmt, ##__VA_ARGS__)
                                                                                               ^~~
../../../foundation/communication/dsoftbus/adapter/common/kernel/liteos_a/softbus_adapter_thread.c:276:43: warning: too many arguments for format [-Wformat-extra-args]
             HILOG_ERROR(SOFTBUS_HILOG_ID, "pthread_attr_setstacksize failed, ret[%{public}d]", ret);
                                           ^
../../../base/hiviewdfx/hilog_lite/interfaces/native/kits/hilog_lite/hiview_log.h:374:95: note: in definition of macro 'HILOG_ERROR'
 #define HILOG_ERROR(mod, fmt, ...) HiLogPrintf(mod, HILOG_LV_ERROR, FUN_ARG_NUM(__VA_ARGS__), fmt, ##__VA_ARGS__)
                                                                                               ^~~
../../../foundation/communication/dsoftbus/adapter/common/kernel/liteos_a/softbus_adapter_thread.c: In function 'SoftBusThreadCreate':
../../../foundation/communication/dsoftbus/adapter/common/kernel/liteos_a/softbus_adapter_thread.c:301:43: warning: unknown conversion type character '{' in format [-Wformat=]
             HILOG_ERROR(SOFTBUS_HILOG_ID, "Thread create failed, ret[%{public}d]", ret);
                                           ^
../../../base/hiviewdfx/hilog_lite/interfaces/native/kits/hilog_lite/hiview_log.h:374:95: note: in definition of macro 'HILOG_ERROR'
 #define HILOG_ERROR(mod, fmt, ...) HiLogPrintf(mod, HILOG_LV_ERROR, FUN_ARG_NUM(__VA_ARGS__), fmt, ##__VA_ARGS__)
                                                                                               ^~~
../../../foundation/communication/dsoftbus/adapter/common/kernel/liteos_a/softbus_adapter_thread.c:301:43: warning: too many arguments for format [-Wformat-extra-args]
             HILOG_ERROR(SOFTBUS_HILOG_ID, "Thread create failed, ret[%{public}d]", ret);
                                           ^
../../../base/hiviewdfx/hilog_lite/interfaces/native/kits/hilog_lite/hiview_log.h:374:95: note: in definition of macro 'HILOG_ERROR'
 #define HILOG_ERROR(mod, fmt, ...) HiLogPrintf(mod, HILOG_LV_ERROR, FUN_ARG_NUM(__VA_ARGS__), fmt, ##__VA_ARGS__)
                                                                                               ^~~
../../../foundation/communication/dsoftbus/adapter/common/kernel/liteos_a/softbus_adapter_thread.c:308:43: warning: unknown conversion type character '{' in format [-Wformat=]
             HILOG_ERROR(SOFTBUS_HILOG_ID, "pthread_attr_init failed, ret[%{public}d]", ret);
                                           ^
../../../base/hiviewdfx/hilog_lite/interfaces/native/kits/hilog_lite/hiview_log.h:374:95: note: in definition of macro 'HILOG_ERROR'
 #define HILOG_ERROR(mod, fmt, ...) HiLogPrintf(mod, HILOG_LV_ERROR, FUN_ARG_NUM(__VA_ARGS__), fmt, ##__VA_ARGS__)
                                                                                               ^~~
../../../foundation/communication/dsoftbus/adapter/common/kernel/liteos_a/softbus_adapter_thread.c:308:43: warning: too many arguments for format [-Wformat-extra-args]
             HILOG_ERROR(SOFTBUS_HILOG_ID, "pthread_attr_init failed, ret[%{public}d]", ret);
                                           ^
../../../base/hiviewdfx/hilog_lite/interfaces/native/kits/hilog_lite/hiview_log.h:374:95: note: in definition of macro 'HILOG_ERROR'
 #define HILOG_ERROR(mod, fmt, ...) HiLogPrintf(mod, HILOG_LV_ERROR, FUN_ARG_NUM(__VA_ARGS__), fmt, ##__VA_ARGS__)
                                                                                               ^~~
../../../foundation/communication/dsoftbus/adapter/common/kernel/liteos_a/softbus_adapter_thread.c:313:43: warning: unknown conversion type character '{' in format [-Wformat=]
             HILOG_ERROR(SOFTBUS_HILOG_ID, "SoftBusConfTransPthreadAttr failed, ret[%{public}d]", ret);
                                           ^
../../../base/hiviewdfx/hilog_lite/interfaces/native/kits/hilog_lite/hiview_log.h:374:95: note: in definition of macro 'HILOG_ERROR'
 #define HILOG_ERROR(mod, fmt, ...) HiLogPrintf(mod, HILOG_LV_ERROR, FUN_ARG_NUM(__VA_ARGS__), fmt, ##__VA_ARGS__)
                                                                                               ^~~
../../../foundation/communication/dsoftbus/adapter/common/kernel/liteos_a/softbus_adapter_thread.c:313:43: warning: too many arguments for format [-Wformat-extra-args]
             HILOG_ERROR(SOFTBUS_HILOG_ID, "SoftBusConfTransPthreadAttr failed, ret[%{public}d]", ret);
                                           ^
../../../base/hiviewdfx/hilog_lite/interfaces/native/kits/hilog_lite/hiview_log.h:374:95: note: in definition of macro 'HILOG_ERROR'
 #define HILOG_ERROR(mod, fmt, ...) HiLogPrintf(mod, HILOG_LV_ERROR, FUN_ARG_NUM(__VA_ARGS__), fmt, ##__VA_ARGS__)
                                                                                               ^~~
../../../foundation/communication/dsoftbus/adapter/common/kernel/liteos_a/softbus_adapter_thread.c:318:43: warning: unknown conversion type character '{' in format [-Wformat=]
             HILOG_ERROR(SOFTBUS_HILOG_ID, "Thread create failed, ret[%{public}d]", ret);
                                           ^
../../../base/hiviewdfx/hilog_lite/interfaces/native/kits/hilog_lite/hiview_log.h:374:95: note: in definition of macro 'HILOG_ERROR'
 #define HILOG_ERROR(mod, fmt, ...) HiLogPrintf(mod, HILOG_LV_ERROR, FUN_ARG_NUM(__VA_ARGS__), fmt, ##__VA_ARGS__)
                                                                                               ^~~
../../../foundation/communication/dsoftbus/adapter/common/kernel/liteos_a/softbus_adapter_thread.c:318:43: warning: too many arguments for format [-Wformat-extra-args]
             HILOG_ERROR(SOFTBUS_HILOG_ID, "Thread create failed, ret[%{public}d]", ret);
                                           ^
../../../base/hiviewdfx/hilog_lite/interfaces/native/kits/hilog_lite/hiview_log.h:374:95: note: in definition of macro 'HILOG_ERROR'
 #define HILOG_ERROR(mod, fmt, ...) HiLogPrintf(mod, HILOG_LV_ERROR, FUN_ARG_NUM(__VA_ARGS__), fmt, ##__VA_ARGS__)
                                                                                               ^~~
../../../foundation/communication/dsoftbus/adapter/common/kernel/liteos_a/softbus_adapter_thread.c:325:47: warning: unknown conversion type character '{' in format [-Wformat=]
                 HILOG_ERROR(SOFTBUS_HILOG_ID, "Thread set name failed, ret[%{public}d]", ret);
                                               ^
../../../base/hiviewdfx/hilog_lite/interfaces/native/kits/hilog_lite/hiview_log.h:374:95: note: in definition of macro 'HILOG_ERROR'
 #define HILOG_ERROR(mod, fmt, ...) HiLogPrintf(mod, HILOG_LV_ERROR, FUN_ARG_NUM(__VA_ARGS__), fmt, ##__VA_ARGS__)
                                                                                               ^~~
../../../foundation/communication/dsoftbus/adapter/common/kernel/liteos_a/softbus_adapter_thread.c:325:47: warning: too many arguments for format [-Wformat-extra-args]
                 HILOG_ERROR(SOFTBUS_HILOG_ID, "Thread set name failed, ret[%{public}d]", ret);
                                               ^
../../../base/hiviewdfx/hilog_lite/interfaces/native/kits/hilog_lite/hiview_log.h:374:95: note: in definition of macro 'HILOG_ERROR'
 #define HILOG_ERROR(mod, fmt, ...) HiLogPrintf(mod, HILOG_LV_ERROR, FUN_ARG_NUM(__VA_ARGS__), fmt, ##__VA_ARGS__)
                                                                                               ^~~
../../../foundation/communication/dsoftbus/adapter/common/kernel/liteos_a/softbus_adapter_thread.c: In function 'SoftBusThreadJoin':
../../../foundation/communication/dsoftbus/adapter/common/kernel/liteos_a/softbus_adapter_thread.c:343:39: warning: unknown conversion type character '{' in format [-Wformat=]
         HILOG_ERROR(SOFTBUS_HILOG_ID, "Thread join failed, ret[%{public}d]", ret);
                                       ^
../../../base/hiviewdfx/hilog_lite/interfaces/native/kits/hilog_lite/hiview_log.h:374:95: note: in definition of macro 'HILOG_ERROR'
 #define HILOG_ERROR(mod, fmt, ...) HiLogPrintf(mod, HILOG_LV_ERROR, FUN_ARG_NUM(__VA_ARGS__), fmt, ##__VA_ARGS__)
                                                                                               ^~~
../../../foundation/communication/dsoftbus/adapter/common/kernel/liteos_a/softbus_adapter_thread.c:343:39: warning: too many arguments for format [-Wformat-extra-args]
         HILOG_ERROR(SOFTBUS_HILOG_ID, "Thread join failed, ret[%{public}d]", ret);
                                       ^
../../../base/hiviewdfx/hilog_lite/interfaces/native/kits/hilog_lite/hiview_log.h:374:95: note: in definition of macro 'HILOG_ERROR'
 #define HILOG_ERROR(mod, fmt, ...) HiLogPrintf(mod, HILOG_LV_ERROR, FUN_ARG_NUM(__VA_ARGS__), fmt, ##__VA_ARGS__)
                                                                                               ^~~
../../../foundation/communication/dsoftbus/adapter/common/kernel/liteos_a/softbus_adapter_thread.c: In function 'SoftBusThreadSetName':
../../../foundation/communication/dsoftbus/adapter/common/kernel/liteos_a/softbus_adapter_thread.c:368:39: warning: unknown conversion type character '{' in format [-Wformat=]
         HILOG_ERROR(SOFTBUS_HILOG_ID, "Thread set name failed, ret[%{public}d]", ret);
                                       ^
../../../base/hiviewdfx/hilog_lite/interfaces/native/kits/hilog_lite/hiview_log.h:374:95: note: in definition of macro 'HILOG_ERROR'
 #define HILOG_ERROR(mod, fmt, ...) HiLogPrintf(mod, HILOG_LV_ERROR, FUN_ARG_NUM(__VA_ARGS__), fmt, ##__VA_ARGS__)
                                                                                               ^~~
../../../foundation/communication/dsoftbus/adapter/common/kernel/liteos_a/softbus_adapter_thread.c:368:39: warning: too many arguments for format [-Wformat-extra-args]
         HILOG_ERROR(SOFTBUS_HILOG_ID, "Thread set name failed, ret[%{public}d]", ret);
                                       ^
../../../base/hiviewdfx/hilog_lite/interfaces/native/kits/hilog_lite/hiview_log.h:374:95: note: in definition of macro 'HILOG_ERROR'
 #define HILOG_ERROR(mod, fmt, ...) HiLogPrintf(mod, HILOG_LV_ERROR, FUN_ARG_NUM(__VA_ARGS__), fmt, ##__VA_ARGS__)
                                                                                               ^~~
../../../foundation/communication/dsoftbus/adapter/common/kernel/liteos_a/softbus_adapter_thread.c: In function 'SoftBusCondInit':
../../../foundation/communication/dsoftbus/adapter/common/kernel/liteos_a/softbus_adapter_thread.c:390:39: warning: unknown conversion type character '{' in format [-Wformat=]
         HILOG_ERROR(SOFTBUS_HILOG_ID, "pthread_condattr_init failed, ret[%{public}d]", ret);
                                       ^
../../../base/hiviewdfx/hilog_lite/interfaces/native/kits/hilog_lite/hiview_log.h:374:95: note: in definition of macro 'HILOG_ERROR'
 #define HILOG_ERROR(mod, fmt, ...) HiLogPrintf(mod, HILOG_LV_ERROR, FUN_ARG_NUM(__VA_ARGS__), fmt, ##__VA_ARGS__)
                                                                                               ^~~
../../../foundation/communication/dsoftbus/adapter/common/kernel/liteos_a/softbus_adapter_thread.c:390:39: warning: too many arguments for format [-Wformat-extra-args]
         HILOG_ERROR(SOFTBUS_HILOG_ID, "pthread_condattr_init failed, ret[%{public}d]", ret);
                                       ^
../../../base/hiviewdfx/hilog_lite/interfaces/native/kits/hilog_lite/hiview_log.h:374:95: note: in definition of macro 'HILOG_ERROR'
 #define HILOG_ERROR(mod, fmt, ...) HiLogPrintf(mod, HILOG_LV_ERROR, FUN_ARG_NUM(__VA_ARGS__), fmt, ##__VA_ARGS__)
                                                                                               ^~~
../../../foundation/communication/dsoftbus/adapter/common/kernel/liteos_a/softbus_adapter_thread.c:395:39: warning: unknown conversion type character '{' in format [-Wformat=]
         HILOG_ERROR(SOFTBUS_HILOG_ID, "set clock failed, ret[%{public}d]", ret);
                                       ^
../../../base/hiviewdfx/hilog_lite/interfaces/native/kits/hilog_lite/hiview_log.h:374:95: note: in definition of macro 'HILOG_ERROR'
 #define HILOG_ERROR(mod, fmt, ...) HiLogPrintf(mod, HILOG_LV_ERROR, FUN_ARG_NUM(__VA_ARGS__), fmt, ##__VA_ARGS__)
                                                                                               ^~~
../../../foundation/communication/dsoftbus/adapter/common/kernel/liteos_a/softbus_adapter_thread.c:395:39: warning: too many arguments for format [-Wformat-extra-args]
         HILOG_ERROR(SOFTBUS_HILOG_ID, "set clock failed, ret[%{public}d]", ret);
                                       ^
../../../base/hiviewdfx/hilog_lite/interfaces/native/kits/hilog_lite/hiview_log.h:374:95: note: in definition of macro 'HILOG_ERROR'
 #define HILOG_ERROR(mod, fmt, ...) HiLogPrintf(mod, HILOG_LV_ERROR, FUN_ARG_NUM(__VA_ARGS__), fmt, ##__VA_ARGS__)
                                                                                               ^~~
../../../foundation/communication/dsoftbus/adapter/common/kernel/liteos_a/softbus_adapter_thread.c:406:39: warning: unknown conversion type character '{' in format [-Wformat=]
         HILOG_ERROR(SOFTBUS_HILOG_ID, "SoftBusCondInit failed, ret[%{public}d]", ret);
                                       ^
../../../base/hiviewdfx/hilog_lite/interfaces/native/kits/hilog_lite/hiview_log.h:374:95: note: in definition of macro 'HILOG_ERROR'
 #define HILOG_ERROR(mod, fmt, ...) HiLogPrintf(mod, HILOG_LV_ERROR, FUN_ARG_NUM(__VA_ARGS__), fmt, ##__VA_ARGS__)
                                                                                               ^~~
../../../foundation/communication/dsoftbus/adapter/common/kernel/liteos_a/softbus_adapter_thread.c:406:39: warning: too many arguments for format [-Wformat-extra-args]
         HILOG_ERROR(SOFTBUS_HILOG_ID, "SoftBusCondInit failed, ret[%{public}d]", ret);
                                       ^
../../../base/hiviewdfx/hilog_lite/interfaces/native/kits/hilog_lite/hiview_log.h:374:95: note: in definition of macro 'HILOG_ERROR'
 #define HILOG_ERROR(mod, fmt, ...) HiLogPrintf(mod, HILOG_LV_ERROR, FUN_ARG_NUM(__VA_ARGS__), fmt, ##__VA_ARGS__)
                                                                                               ^~~
../../../foundation/communication/dsoftbus/adapter/common/kernel/liteos_a/softbus_adapter_thread.c: In function 'SoftBusCondSignal':
../../../foundation/communication/dsoftbus/adapter/common/kernel/liteos_a/softbus_adapter_thread.c:426:39: warning: unknown conversion type character '{' in format [-Wformat=]
         HILOG_ERROR(SOFTBUS_HILOG_ID, "SoftBusCondSignal failed, ret[%{public}d]", ret);
                                       ^
../../../base/hiviewdfx/hilog_lite/interfaces/native/kits/hilog_lite/hiview_log.h:374:95: note: in definition of macro 'HILOG_ERROR'
 #define HILOG_ERROR(mod, fmt, ...) HiLogPrintf(mod, HILOG_LV_ERROR, FUN_ARG_NUM(__VA_ARGS__), fmt, ##__VA_ARGS__)
                                                                                               ^~~
../../../foundation/communication/dsoftbus/adapter/common/kernel/liteos_a/softbus_adapter_thread.c:426:39: warning: too many arguments for format [-Wformat-extra-args]
         HILOG_ERROR(SOFTBUS_HILOG_ID, "SoftBusCondSignal failed, ret[%{public}d]", ret);
                                       ^
../../../base/hiviewdfx/hilog_lite/interfaces/native/kits/hilog_lite/hiview_log.h:374:95: note: in definition of macro 'HILOG_ERROR'
 #define HILOG_ERROR(mod, fmt, ...) HiLogPrintf(mod, HILOG_LV_ERROR, FUN_ARG_NUM(__VA_ARGS__), fmt, ##__VA_ARGS__)
                                                                                               ^~~
../../../foundation/communication/dsoftbus/adapter/common/kernel/liteos_a/softbus_adapter_thread.c: In function 'SoftBusCondBroadcast':
../../../foundation/communication/dsoftbus/adapter/common/kernel/liteos_a/softbus_adapter_thread.c:443:39: warning: unknown conversion type character '{' in format [-Wformat=]
         HILOG_ERROR(SOFTBUS_HILOG_ID, "SoftBusCondBroadcast failed, ret[%{public}d]", ret);
                                       ^
../../../base/hiviewdfx/hilog_lite/interfaces/native/kits/hilog_lite/hiview_log.h:374:95: note: in definition of macro 'HILOG_ERROR'
 #define HILOG_ERROR(mod, fmt, ...) HiLogPrintf(mod, HILOG_LV_ERROR, FUN_ARG_NUM(__VA_ARGS__), fmt, ##__VA_ARGS__)
                                                                                               ^~~
../../../foundation/communication/dsoftbus/adapter/common/kernel/liteos_a/softbus_adapter_thread.c:443:39: warning: too many arguments for format [-Wformat-extra-args]
         HILOG_ERROR(SOFTBUS_HILOG_ID, "SoftBusCondBroadcast failed, ret[%{public}d]", ret);
                                       ^
../../../base/hiviewdfx/hilog_lite/interfaces/native/kits/hilog_lite/hiview_log.h:374:95: note: in definition of macro 'HILOG_ERROR'
 #define HILOG_ERROR(mod, fmt, ...) HiLogPrintf(mod, HILOG_LV_ERROR, FUN_ARG_NUM(__VA_ARGS__), fmt, ##__VA_ARGS__)
                                                                                               ^~~
../../../foundation/communication/dsoftbus/adapter/common/kernel/liteos_a/softbus_adapter_thread.c: In function 'SoftBusCondWait':
../../../foundation/communication/dsoftbus/adapter/common/kernel/liteos_a/softbus_adapter_thread.c:466:43: warning: unknown conversion type character '{' in format [-Wformat=]
             HILOG_ERROR(SOFTBUS_HILOG_ID, "SoftBusCondWait failed, ret[%{public}d]", ret);
                                           ^
../../../base/hiviewdfx/hilog_lite/interfaces/native/kits/hilog_lite/hiview_log.h:374:95: note: in definition of macro 'HILOG_ERROR'
 #define HILOG_ERROR(mod, fmt, ...) HiLogPrintf(mod, HILOG_LV_ERROR, FUN_ARG_NUM(__VA_ARGS__), fmt, ##__VA_ARGS__)
                                                                                               ^~~
../../../foundation/communication/dsoftbus/adapter/common/kernel/liteos_a/softbus_adapter_thread.c:466:43: warning: too many arguments for format [-Wformat-extra-args]
             HILOG_ERROR(SOFTBUS_HILOG_ID, "SoftBusCondWait failed, ret[%{public}d]", ret);
                                           ^
../../../base/hiviewdfx/hilog_lite/interfaces/native/kits/hilog_lite/hiview_log.h:374:95: note: in definition of macro 'HILOG_ERROR'
 #define HILOG_ERROR(mod, fmt, ...) HiLogPrintf(mod, HILOG_LV_ERROR, FUN_ARG_NUM(__VA_ARGS__), fmt, ##__VA_ARGS__)
                                                                                               ^~~
../../../foundation/communication/dsoftbus/adapter/common/kernel/liteos_a/softbus_adapter_thread.c:475:43: warning: unknown conversion type character '{' in format [-Wformat=]
             HILOG_ERROR(SOFTBUS_HILOG_ID, "SoftBusCondTimedWait failed, ret[%{public}d]", ret);
                                           ^
../../../base/hiviewdfx/hilog_lite/interfaces/native/kits/hilog_lite/hiview_log.h:374:95: note: in definition of macro 'HILOG_ERROR'
 #define HILOG_ERROR(mod, fmt, ...) HiLogPrintf(mod, HILOG_LV_ERROR, FUN_ARG_NUM(__VA_ARGS__), fmt, ##__VA_ARGS__)
                                                                                               ^~~
../../../foundation/communication/dsoftbus/adapter/common/kernel/liteos_a/softbus_adapter_thread.c:475:43: warning: too many arguments for format [-Wformat-extra-args]
             HILOG_ERROR(SOFTBUS_HILOG_ID, "SoftBusCondTimedWait failed, ret[%{public}d]", ret);
                                           ^
../../../base/hiviewdfx/hilog_lite/interfaces/native/kits/hilog_lite/hiview_log.h:374:95: note: in definition of macro 'HILOG_ERROR'
 #define HILOG_ERROR(mod, fmt, ...) HiLogPrintf(mod, HILOG_LV_ERROR, FUN_ARG_NUM(__VA_ARGS__), fmt, ##__VA_ARGS__)
                                                                                               ^~~
../../../foundation/communication/dsoftbus/adapter/common/kernel/liteos_a/softbus_adapter_thread.c: In function 'SoftBusCondDestroy':
../../../foundation/communication/dsoftbus/adapter/common/kernel/liteos_a/softbus_adapter_thread.c:493:39: warning: unknown conversion type character '{' in format [-Wformat=]
         HILOG_ERROR(SOFTBUS_HILOG_ID, "SoftBusCondDestroy failed, ret[%{public}d]", ret);
                                       ^
../../../base/hiviewdfx/hilog_lite/interfaces/native/kits/hilog_lite/hiview_log.h:374:95: note: in definition of macro 'HILOG_ERROR'
 #define HILOG_ERROR(mod, fmt, ...) HiLogPrintf(mod, HILOG_LV_ERROR, FUN_ARG_NUM(__VA_ARGS__), fmt, ##__VA_ARGS__)
                                                                                               ^~~
../../../foundation/communication/dsoftbus/adapter/common/kernel/liteos_a/softbus_adapter_thread.c:493:39: warning: too many arguments for format [-Wformat-extra-args]
         HILOG_ERROR(SOFTBUS_HILOG_ID, "SoftBusCondDestroy failed, ret[%{public}d]", ret);
                                       ^
../../../base/hiviewdfx/hilog_lite/interfaces/native/kits/hilog_lite/hiview_log.h:374:95: note: in definition of macro 'HILOG_ERROR'
 #define HILOG_ERROR(mod, fmt, ...) HiLogPrintf(mod, HILOG_LV_ERROR, FUN_ARG_NUM(__VA_ARGS__), fmt, ##__VA_ARGS__)
                                                                                               ^~~
