../../../device/soc/hisilicon/hi3861v100/hi3861_adapter/hals/communication/wifi_lite/wifiservice/source/wifi_device.c:41:5: warning: braces around scalar initializer
     {0}, {0}, {0}, 0, WIFI_CONFIG_INVALID, 0, 0, UNKNOWN, {0, 0, {0, 0}, 0}
     ^
../../../device/soc/hisilicon/hi3861v100/hi3861_adapter/hals/communication/wifi_lite/wifiservice/source/wifi_device.c:41:5: note: (near initialization for 'g_wifiConfigs[3].ssid[5]')
../../../device/soc/hisilicon/hi3861v100/hi3861_adapter/hals/communication/wifi_lite/wifiservice/source/wifi_device.c:41:63: warning: excess elements in scalar initializer
     {0}, {0}, {0}, 0, WIFI_CONFIG_INVALID, 0, 0, UNKNOWN, {0, 0, {0, 0}, 0}
                                                               ^
../../../device/soc/hisilicon/hi3861v100/hi3861_adapter/hals/communication/wifi_lite/wifiservice/source/wifi_device.c:41:63: note: (near initialization for 'g_wifiConfigs[3].ssid[5]')
../../../device/soc/hisilicon/hi3861v100/hi3861_adapter/hals/communication/wifi_lite/wifiservice/source/wifi_device.c:41:5: warning: braces around scalar initializer
     {0}, {0}, {0}, 0, WIFI_CONFIG_INVALID, 0, 0, UNKNOWN, {0, 0, {0, 0}, 0}
     ^
../../../device/soc/hisilicon/hi3861v100/hi3861_adapter/hals/communication/wifi_lite/wifiservice/source/wifi_device.c:41:5: note: (near initialization for 'g_wifiConfigs[3].ssid[5]')
../../../device/soc/hisilicon/hi3861v100/hi3861_adapter/hals/communication/wifi_lite/wifiservice/source/wifi_device.c:41:70: warning: excess elements in scalar initializer
     {0}, {0}, {0}, 0, WIFI_CONFIG_INVALID, 0, 0, UNKNOWN, {0, 0, {0, 0}, 0}
                                                                      ^
../../../device/soc/hisilicon/hi3861v100/hi3861_adapter/hals/communication/wifi_lite/wifiservice/source/wifi_device.c:41:70: note: (near initialization for 'g_wifiConfigs[3].ssid[5]')
../../../device/soc/hisilicon/hi3861v100/hi3861_adapter/hals/communication/wifi_lite/wifiservice/source/wifi_device.c:41:66: warning: excess elements in scalar initializer
     {0}, {0}, {0}, 0, WIFI_CONFIG_INVALID, 0, 0, UNKNOWN, {0, 0, {0, 0}, 0}
                                                                  ^
../../../device/soc/hisilicon/hi3861v100/hi3861_adapter/hals/communication/wifi_lite/wifiservice/source/wifi_device.c:41:66: note: (near initialization for 'g_wifiConfigs[3].ssid[5]')
../../../device/soc/hisilicon/hi3861v100/hi3861_adapter/hals/communication/wifi_lite/wifiservice/source/wifi_device.c:41:74: warning: excess elements in scalar initializer
     {0}, {0}, {0}, 0, WIFI_CONFIG_INVALID, 0, 0, UNKNOWN, {0, 0, {0, 0}, 0}
                                                                          ^
../../../device/soc/hisilicon/hi3861v100/hi3861_adapter/hals/communication/wifi_lite/wifiservice/source/wifi_device.c:41:74: note: (near initialization for 'g_wifiConfigs[3].ssid[5]')
../../../device/soc/hisilicon/hi3861v100/hi3861_adapter/hals/communication/wifi_lite/wifiservice/source/wifi_device.c:42:1: warning: missing initializer for field 'bssid' of 'WifiDeviceConfig {aka struct WifiDeviceConfig}' [-Wmissing-field-initializers]
 };
 ^
In file included from ../../../foundation/communication/wifi_lite/interfaces/wifiservice/wifi_linked_info.h:38:0,
                 from ../../../foundation/communication/wifi_lite/interfaces/wifiservice/wifi_event.h:40,
                 from ../../../foundation/communication/wifi_lite/interfaces/wifiservice/wifi_device.h:39,
                 from ../../../device/soc/hisilicon/hi3861v100/hi3861_adapter/hals/communication/wifi_lite/wifiservice/source/wifi_device.c:16:
../../../foundation/communication/wifi_lite/interfaces/wifiservice/wifi_device_config.h:163:19: note: 'bssid' declared here
     unsigned char bssid[WIFI_MAC_LEN];
                   ^~~~~
../../../device/soc/hisilicon/hi3861v100/hi3861_adapter/hals/communication/wifi_lite/wifiservice/source/wifi_device.c:40:63: warning: missing braces around initializer [-Wmissing-braces]
 static WifiDeviceConfig g_wifiConfigs[WIFI_MAX_CONFIG_SIZE] = {
                                                               ^
     {0}, {0}, {0}, 0, WIFI_CONFIG_INVALID, 0, 0, UNKNOWN, {0, 0, {0, 0}, 0}
      {}   {}   {}  {
                    {
 };
 }
 }
../../../device/soc/hisilicon/hi3861v100/hi3861_adapter/hals/communication/wifi_lite/wifiservice/source/wifi_device.c: In function 'StaSetLocaladdr':
../../../device/soc/hisilicon/hi3861v100/hi3861_adapter/hals/communication/wifi_lite/wifiservice/source/wifi_device.c:165:29: warning: passing argument 1 of 'netifapi_netif_set_addr' discards 'const' qualifier from pointer target type [-Wdiscarded-qualifiers]
     netifapi_netif_set_addr(netif, &st_ipaddr, &st_netmask, &st_gw);
                             ^~~~~
In file included from ../../../device/soc/hisilicon/hi3861v100/hi3861_adapter/hals/communication/wifi_lite/wifiservice/source/wifi_device.c:23:0:
../../../device/soc/hisilicon/hi3861v100/sdk_liteos/third_party/lwip_sack/include/lwip/netifapi.h:402:7: note: expected 'struct netif *' but argument is of type 'const struct netif *'
 err_t netifapi_netif_set_addr(struct netif *netif,
       ^~~~~~~~~~~~~~~~~~~~~~~
../../../device/soc/hisilicon/hi3861v100/hi3861_adapter/hals/communication/wifi_lite/wifiservice/source/wifi_device.c: In function 'StaSetDNSServer':
../../../device/soc/hisilicon/hi3861v100/hi3861_adapter/hals/communication/wifi_lite/wifiservice/source/wifi_device.c:178:9: warning: implicit declaration of function 'lwip_dns_setserver'; did you mean 'nd_ns_reserved'? [-Wimplicit-function-declaration]
         lwip_dns_setserver(i, &tmp_dns_ser[i]);
         ^~~~~~~~~~~~~~~~~~
         nd_ns_reserved
../../../device/soc/hisilicon/hi3861v100/hi3861_adapter/hals/communication/wifi_lite/wifiservice/source/wifi_device.c: In function 'GetLinkedInfo':
../../../device/soc/hisilicon/hi3861v100/hi3861_adapter/hals/communication/wifi_lite/wifiservice/source/wifi_device.c:899:24: warning: pointer targets in passing argument 1 of 'GetLocalWifiIp' differ in signedness [-Wpointer-sign]
     if (GetLocalWifiIp(&(result->ipAddress)) != EOK) {
                        ^
../../../device/soc/hisilicon/hi3861v100/hi3861_adapter/hals/communication/wifi_lite/wifiservice/source/wifi_device.c:847:12: note: expected 'int * const' but argument is of type 'unsigned int *'
 static int GetLocalWifiIp(int * const ip)
            ^~~~~~~~~~~~~~
