In file included from ../../../base/hiviewdfx/hilog_lite/interfaces/native/kits/hilog_lite/log.h:19:0,
                 from ../../../base/security/deviceauth/deps_adapter/os_adapter/interfaces/liteos/hc_log.h:38,
                 from ../../../base/security/deviceauth/deps_adapter/os_adapter/impl/src/hc_log.c:16:
../../../base/security/deviceauth/deps_adapter/os_adapter/impl/src/hc_log.c: In function 'DevAuthOutPrint':
../../../base/security/deviceauth/deps_adapter/os_adapter/interfaces/liteos/hc_log.h:45:63: warning: unknown conversion type character '{' in format [-Wformat=]
 #define DEV_AUTH_LOG_DEBUG(buf) HILOG_DEBUG(HILOG_MODULE_SCY, "%{public}s", buf)
                                                               ^
../../../base/hiviewdfx/hilog_lite/interfaces/native/kits/hilog_lite/hiview_log.h:308:95: note: in definition of macro 'HILOG_DEBUG'
 #define HILOG_DEBUG(mod, fmt, ...) HiLogPrintf(mod, HILOG_LV_DEBUG, FUN_ARG_NUM(__VA_ARGS__), fmt, ##__VA_ARGS__)
                                                                                               ^~~
../../../base/security/deviceauth/deps_adapter/os_adapter/impl/src/hc_log.c:29:13: note: in expansion of macro 'DEV_AUTH_LOG_DEBUG'
             DEV_AUTH_LOG_DEBUG(buf);
             ^~~~~~~~~~~~~~~~~~
../../../base/security/deviceauth/deps_adapter/os_adapter/interfaces/liteos/hc_log.h:45:63: warning: too many arguments for format [-Wformat-extra-args]
 #define DEV_AUTH_LOG_DEBUG(buf) HILOG_DEBUG(HILOG_MODULE_SCY, "%{public}s", buf)
                                                               ^
../../../base/hiviewdfx/hilog_lite/interfaces/native/kits/hilog_lite/hiview_log.h:308:95: note: in definition of macro 'HILOG_DEBUG'
 #define HILOG_DEBUG(mod, fmt, ...) HiLogPrintf(mod, HILOG_LV_DEBUG, FUN_ARG_NUM(__VA_ARGS__), fmt, ##__VA_ARGS__)
                                                                                               ^~~
../../../base/security/deviceauth/deps_adapter/os_adapter/impl/src/hc_log.c:29:13: note: in expansion of macro 'DEV_AUTH_LOG_DEBUG'
             DEV_AUTH_LOG_DEBUG(buf);
             ^~~~~~~~~~~~~~~~~~
../../../base/security/deviceauth/deps_adapter/os_adapter/interfaces/liteos/hc_log.h:46:61: warning: unknown conversion type character '{' in format [-Wformat=]
 #define DEV_AUTH_LOG_INFO(buf) HILOG_INFO(HILOG_MODULE_SCY, "%{public}s", buf)
                                                             ^
../../../base/hiviewdfx/hilog_lite/interfaces/native/kits/hilog_lite/hiview_log.h:330:93: note: in definition of macro 'HILOG_INFO'
 #define HILOG_INFO(mod, fmt, ...) HiLogPrintf(mod, HILOG_LV_INFO, FUN_ARG_NUM(__VA_ARGS__), fmt, ##__VA_ARGS__)
                                                                                             ^~~
../../../base/security/deviceauth/deps_adapter/os_adapter/impl/src/hc_log.c:32:13: note: in expansion of macro 'DEV_AUTH_LOG_INFO'
             DEV_AUTH_LOG_INFO(buf);
             ^~~~~~~~~~~~~~~~~
../../../base/security/deviceauth/deps_adapter/os_adapter/interfaces/liteos/hc_log.h:46:61: warning: too many arguments for format [-Wformat-extra-args]
 #define DEV_AUTH_LOG_INFO(buf) HILOG_INFO(HILOG_MODULE_SCY, "%{public}s", buf)
                                                             ^
../../../base/hiviewdfx/hilog_lite/interfaces/native/kits/hilog_lite/hiview_log.h:330:93: note: in definition of macro 'HILOG_INFO'
 #define HILOG_INFO(mod, fmt, ...) HiLogPrintf(mod, HILOG_LV_INFO, FUN_ARG_NUM(__VA_ARGS__), fmt, ##__VA_ARGS__)
                                                                                             ^~~
../../../base/security/deviceauth/deps_adapter/os_adapter/impl/src/hc_log.c:32:13: note: in expansion of macro 'DEV_AUTH_LOG_INFO'
             DEV_AUTH_LOG_INFO(buf);
             ^~~~~~~~~~~~~~~~~
../../../base/security/deviceauth/deps_adapter/os_adapter/interfaces/liteos/hc_log.h:47:61: warning: unknown conversion type character '{' in format [-Wformat=]
 #define DEV_AUTH_LOG_WARN(buf) HILOG_WARN(HILOG_MODULE_SCY, "%{public}s", buf)
                                                             ^
../../../base/hiviewdfx/hilog_lite/interfaces/native/kits/hilog_lite/hiview_log.h:352:93: note: in definition of macro 'HILOG_WARN'
 #define HILOG_WARN(mod, fmt, ...) HiLogPrintf(mod, HILOG_LV_WARN, FUN_ARG_NUM(__VA_ARGS__), fmt, ##__VA_ARGS__)
                                                                                             ^~~
../../../base/security/deviceauth/deps_adapter/os_adapter/impl/src/hc_log.c:35:13: note: in expansion of macro 'DEV_AUTH_LOG_WARN'
             DEV_AUTH_LOG_WARN(buf);
             ^~~~~~~~~~~~~~~~~
../../../base/security/deviceauth/deps_adapter/os_adapter/interfaces/liteos/hc_log.h:47:61: warning: too many arguments for format [-Wformat-extra-args]
 #define DEV_AUTH_LOG_WARN(buf) HILOG_WARN(HILOG_MODULE_SCY, "%{public}s", buf)
                                                             ^
../../../base/hiviewdfx/hilog_lite/interfaces/native/kits/hilog_lite/hiview_log.h:352:93: note: in definition of macro 'HILOG_WARN'
 #define HILOG_WARN(mod, fmt, ...) HiLogPrintf(mod, HILOG_LV_WARN, FUN_ARG_NUM(__VA_ARGS__), fmt, ##__VA_ARGS__)
                                                                                             ^~~
../../../base/security/deviceauth/deps_adapter/os_adapter/impl/src/hc_log.c:35:13: note: in expansion of macro 'DEV_AUTH_LOG_WARN'
             DEV_AUTH_LOG_WARN(buf);
             ^~~~~~~~~~~~~~~~~
../../../base/security/deviceauth/deps_adapter/os_adapter/interfaces/liteos/hc_log.h:48:63: warning: unknown conversion type character '{' in format [-Wformat=]
 #define DEV_AUTH_LOG_ERROR(buf) HILOG_ERROR(HILOG_MODULE_SCY, "%{public}s", buf)
                                                               ^
../../../base/hiviewdfx/hilog_lite/interfaces/native/kits/hilog_lite/hiview_log.h:374:95: note: in definition of macro 'HILOG_ERROR'
 #define HILOG_ERROR(mod, fmt, ...) HiLogPrintf(mod, HILOG_LV_ERROR, FUN_ARG_NUM(__VA_ARGS__), fmt, ##__VA_ARGS__)
                                                                                               ^~~
../../../base/security/deviceauth/deps_adapter/os_adapter/impl/src/hc_log.c:38:13: note: in expansion of macro 'DEV_AUTH_LOG_ERROR'
             DEV_AUTH_LOG_ERROR(buf);
             ^~~~~~~~~~~~~~~~~~
../../../base/security/deviceauth/deps_adapter/os_adapter/interfaces/liteos/hc_log.h:48:63: warning: too many arguments for format [-Wformat-extra-args]
 #define DEV_AUTH_LOG_ERROR(buf) HILOG_ERROR(HILOG_MODULE_SCY, "%{public}s", buf)
                                                               ^
../../../base/hiviewdfx/hilog_lite/interfaces/native/kits/hilog_lite/hiview_log.h:374:95: note: in definition of macro 'HILOG_ERROR'
 #define HILOG_ERROR(mod, fmt, ...) HiLogPrintf(mod, HILOG_LV_ERROR, FUN_ARG_NUM(__VA_ARGS__), fmt, ##__VA_ARGS__)
                                                                                               ^~~
../../../base/security/deviceauth/deps_adapter/os_adapter/impl/src/hc_log.c:38:13: note: in expansion of macro 'DEV_AUTH_LOG_ERROR'
             DEV_AUTH_LOG_ERROR(buf);
             ^~~~~~~~~~~~~~~~~~
