In file included from ../../../base/hiviewdfx/hilog_lite/interfaces/native/kits/hilog_lite/log.h:19:0,
                 from ../../../foundation/communication/dsoftbus/adapter/common/include/softbus_adapter_log.h:25,
                 from ../../../foundation/communication/dsoftbus/adapter/common/log/softbus_adapter_log.c:16:
../../../foundation/communication/dsoftbus/adapter/common/log/softbus_adapter_log.c: In function 'SoftBusOutPrint':
../../../foundation/communication/dsoftbus/adapter/common/log/softbus_adapter_log.c:26:43: warning: unknown conversion type character '{' in format [-Wformat=]
             HILOG_DEBUG(SOFTBUS_HILOG_ID, "%{public}s", buf);
                                           ^
../../../base/hiviewdfx/hilog_lite/interfaces/native/kits/hilog_lite/hiview_log.h:308:95: note: in definition of macro 'HILOG_DEBUG'
 #define HILOG_DEBUG(mod, fmt, ...) HiLogPrintf(mod, HILOG_LV_DEBUG, FUN_ARG_NUM(__VA_ARGS__), fmt, ##__VA_ARGS__)
                                                                                               ^~~
../../../foundation/communication/dsoftbus/adapter/common/log/softbus_adapter_log.c:26:43: warning: too many arguments for format [-Wformat-extra-args]
             HILOG_DEBUG(SOFTBUS_HILOG_ID, "%{public}s", buf);
                                           ^
../../../base/hiviewdfx/hilog_lite/interfaces/native/kits/hilog_lite/hiview_log.h:308:95: note: in definition of macro 'HILOG_DEBUG'
 #define HILOG_DEBUG(mod, fmt, ...) HiLogPrintf(mod, HILOG_LV_DEBUG, FUN_ARG_NUM(__VA_ARGS__), fmt, ##__VA_ARGS__)
                                                                                               ^~~
../../../foundation/communication/dsoftbus/adapter/common/log/softbus_adapter_log.c:29:42: warning: unknown conversion type character '{' in format [-Wformat=]
             HILOG_INFO(SOFTBUS_HILOG_ID, "%{public}s", buf);
                                          ^
../../../base/hiviewdfx/hilog_lite/interfaces/native/kits/hilog_lite/hiview_log.h:330:93: note: in definition of macro 'HILOG_INFO'
 #define HILOG_INFO(mod, fmt, ...) HiLogPrintf(mod, HILOG_LV_INFO, FUN_ARG_NUM(__VA_ARGS__), fmt, ##__VA_ARGS__)
                                                                                             ^~~
../../../foundation/communication/dsoftbus/adapter/common/log/softbus_adapter_log.c:29:42: warning: too many arguments for format [-Wformat-extra-args]
             HILOG_INFO(SOFTBUS_HILOG_ID, "%{public}s", buf);
                                          ^
../../../base/hiviewdfx/hilog_lite/interfaces/native/kits/hilog_lite/hiview_log.h:330:93: note: in definition of macro 'HILOG_INFO'
 #define HILOG_INFO(mod, fmt, ...) HiLogPrintf(mod, HILOG_LV_INFO, FUN_ARG_NUM(__VA_ARGS__), fmt, ##__VA_ARGS__)
                                                                                             ^~~
../../../foundation/communication/dsoftbus/adapter/common/log/softbus_adapter_log.c:32:42: warning: unknown conversion type character '{' in format [-Wformat=]
             HILOG_WARN(SOFTBUS_HILOG_ID, "%{public}s", buf);
                                          ^
../../../base/hiviewdfx/hilog_lite/interfaces/native/kits/hilog_lite/hiview_log.h:352:93: note: in definition of macro 'HILOG_WARN'
 #define HILOG_WARN(mod, fmt, ...) HiLogPrintf(mod, HILOG_LV_WARN, FUN_ARG_NUM(__VA_ARGS__), fmt, ##__VA_ARGS__)
                                                                                             ^~~
../../../foundation/communication/dsoftbus/adapter/common/log/softbus_adapter_log.c:32:42: warning: too many arguments for format [-Wformat-extra-args]
             HILOG_WARN(SOFTBUS_HILOG_ID, "%{public}s", buf);
                                          ^
../../../base/hiviewdfx/hilog_lite/interfaces/native/kits/hilog_lite/hiview_log.h:352:93: note: in definition of macro 'HILOG_WARN'
 #define HILOG_WARN(mod, fmt, ...) HiLogPrintf(mod, HILOG_LV_WARN, FUN_ARG_NUM(__VA_ARGS__), fmt, ##__VA_ARGS__)
                                                                                             ^~~
../../../foundation/communication/dsoftbus/adapter/common/log/softbus_adapter_log.c:35:43: warning: unknown conversion type character '{' in format [-Wformat=]
             HILOG_ERROR(SOFTBUS_HILOG_ID, "%{public}s", buf);
                                           ^
../../../base/hiviewdfx/hilog_lite/interfaces/native/kits/hilog_lite/hiview_log.h:374:95: note: in definition of macro 'HILOG_ERROR'
 #define HILOG_ERROR(mod, fmt, ...) HiLogPrintf(mod, HILOG_LV_ERROR, FUN_ARG_NUM(__VA_ARGS__), fmt, ##__VA_ARGS__)
                                                                                               ^~~
../../../foundation/communication/dsoftbus/adapter/common/log/softbus_adapter_log.c:35:43: warning: too many arguments for format [-Wformat-extra-args]
             HILOG_ERROR(SOFTBUS_HILOG_ID, "%{public}s", buf);
                                           ^
../../../base/hiviewdfx/hilog_lite/interfaces/native/kits/hilog_lite/hiview_log.h:374:95: note: in definition of macro 'HILOG_ERROR'
 #define HILOG_ERROR(mod, fmt, ...) HiLogPrintf(mod, HILOG_LV_ERROR, FUN_ARG_NUM(__VA_ARGS__), fmt, ##__VA_ARGS__)
                                                                                               ^~~
